>> Writing PID to tmp/pids/thin-production.3020.pid
/var/www/deployapp/app.rb:22: warning: already initialized constant AuthPolicy
>> Thin web server (v1.5.0 codename Knife)
>> Maximum connections set to 1024
>> Listening on localhost:3020, CTRL+C to stop
>> Exiting!
>> Writing PID to tmp/pids/thin-production.3020.pid
/var/www/deployapp/app.rb:22: warning: already initialized constant AuthPolicy
>> Thin web server (v1.5.0 codename Knife)
>> Maximum connections set to 1024
>> Listening on localhost:3020, CTRL+C to stop
>> Exiting!
>> Writing PID to tmp/pids/thin-production.3020.pid
/var/www/deployapp/app.rb:22: warning: already initialized constant AuthPolicy
>> Thin web server (v1.5.0 codename Knife)
>> Maximum connections set to 1024
>> Listening on 10.3.6.27:3020, CTRL+C to stop
>> Waiting for 2 connection(s) to finish, can take up to 30 sec, CTRL+C to stop now
>> Exiting!
>> Writing PID to tmp/pids/thin-production.3020.pid
/var/www/deployapp/app.rb:22: warning: already initialized constant AuthPolicy
>> Thin web server (v1.5.0 codename Knife)
>> Maximum connections set to 1024
>> Listening on 10.3.6.27:3020, CTRL+C to stop
>> Exiting!
>> Writing PID to tmp/pids/thin-production.3020.pid
/var/www/deployapp/app.rb:23: warning: already initialized constant AuthPolicy
>> Thin web server (v1.5.0 codename Knife)
>> Maximum connections set to 1024
>> Listening on 10.3.6.27:3020, CTRL+C to stop
>> Exiting!
>> Writing PID to tmp/pids/thin-production.3020.pid
/var/www/deployapp/app.rb:23: warning: already initialized constant AuthPolicy
>> Thin web server (v1.5.0 codename Knife)
>> Maximum connections set to 1024
>> Listening on 10.3.6.27:3020, CTRL+C to stop
NoMethodError - undefined method `name' for #<Array:0x0000001c1eef30>:
	/var/www/deployapp/views/index.haml:11:in `block in evaluate_source'
	/var/www/deployapp/views/index.haml:10:in `each'
	/var/www/deployapp/views/index.haml:10:in `evaluate_source'
	/home/mrich/.rvm/gems/ruby-1.9.3-p194/gems/tilt-1.3.3/lib/tilt/template.rb:209:in `instance_eval'
	/home/mrich/.rvm/gems/ruby-1.9.3-p194/gems/tilt-1.3.3/lib/tilt/template.rb:209:in `evaluate_source'
	/home/mrich/.rvm/gems/ruby-1.9.3-p194/gems/tilt-1.3.3/lib/tilt/template.rb:144:in `cached_evaluate'
	/home/mrich/.rvm/gems/ruby-1.9.3-p194/gems/tilt-1.3.3/lib/tilt/template.rb:127:in `evaluate'
	/home/mrich/.rvm/gems/ruby-1.9.3-p194/gems/tilt-1.3.3/lib/tilt/haml.rb:24:in `evaluate'
	/home/mrich/.rvm/gems/ruby-1.9.3-p194/gems/tilt-1.3.3/lib/tilt/template.rb:76:in `render'
	/home/mrich/.rvm/gems/ruby-1.9.3-p194/gems/sinatra-1.3.3/lib/sinatra/base.rb:686:in `render'
	/home/mrich/.rvm/gems/ruby-1.9.3-p194/gems/sinatra-1.3.3/lib/sinatra/base.rb:582:in `haml'
	/var/www/deployapp/app.rb:33:in `block in <class:DeploymentApp>'
	/home/mrich/.rvm/gems/ruby-1.9.3-p194/gems/sinatra-1.3.3/lib/sinatra/base.rb:1265:in `call'
	/home/mrich/.rvm/gems/ruby-1.9.3-p194/gems/sinatra-1.3.3/lib/sinatra/base.rb:1265:in `block in compile!'
	/home/mrich/.rvm/gems/ruby-1.9.3-p194/gems/sinatra-1.3.3/lib/sinatra/base.rb:835:in `[]'
	/home/mrich/.rvm/gems/ruby-1.9.3-p194/gems/sinatra-1.3.3/lib/sinatra/base.rb:835:in `block (3 levels) in route!'
	/home/mrich/.rvm/gems/ruby-1.9.3-p194/gems/sinatra-1.3.3/lib/sinatra/base.rb:851:in `route_eval'
	/home/mrich/.rvm/gems/ruby-1.9.3-p194/gems/sinatra-1.3.3/lib/sinatra/base.rb:835:in `block (2 levels) in route!'
	/home/mrich/.rvm/gems/ruby-1.9.3-p194/gems/sinatra-1.3.3/lib/sinatra/base.rb:872:in `block in process_route'
	/home/mrich/.rvm/gems/ruby-1.9.3-p194/gems/sinatra-1.3.3/lib/sinatra/base.rb:870:in `catch'
	/home/mrich/.rvm/gems/ruby-1.9.3-p194/gems/sinatra-1.3.3/lib/sinatra/base.rb:870:in `process_route'
	/home/mrich/.rvm/gems/ruby-1.9.3-p194/gems/sinatra-1.3.3/lib/sinatra/base.rb:834:in `block in route!'
	/home/mrich/.rvm/gems/ruby-1.9.3-p194/gems/sinatra-1.3.3/lib/sinatra/base.rb:833:in `each'
	/home/mrich/.rvm/gems/ruby-1.9.3-p194/gems/sinatra-1.3.3/lib/sinatra/base.rb:833:in `route!'
	/home/mrich/.rvm/gems/ruby-1.9.3-p194/gems/sinatra-1.3.3/lib/sinatra/base.rb:936:in `dispatch!'
	/home/mrich/.rvm/gems/ruby-1.9.3-p194/gems/sinatra-1.3.3/lib/sinatra/base.rb:769:in `block in call!'
	/home/mrich/.rvm/gems/ruby-1.9.3-p194/gems/sinatra-1.3.3/lib/sinatra/base.rb:921:in `block in invoke'
	/home/mrich/.rvm/gems/ruby-1.9.3-p194/gems/sinatra-1.3.3/lib/sinatra/base.rb:921:in `catch'
	/home/mrich/.rvm/gems/ruby-1.9.3-p194/gems/sinatra-1.3.3/lib/sinatra/base.rb:921:in `invoke'
	/home/mrich/.rvm/gems/ruby-1.9.3-p194/gems/sinatra-1.3.3/lib/sinatra/base.rb:769:in `call!'
	/home/mrich/.rvm/gems/ruby-1.9.3-p194/gems/sinatra-1.3.3/lib/sinatra/base.rb:755:in `call'
	/home/mrich/.rvm/gems/ruby-1.9.3-p194/gems/rack-protection-1.3.2/lib/rack/protection/xss_header.rb:27:in `call'
	/home/mrich/.rvm/gems/ruby-1.9.3-p194/gems/rack-protection-1.3.2/lib/rack/protection/path_traversal.rb:16:in `call'
	/home/mrich/.rvm/gems/ruby-1.9.3-p194/gems/rack-protection-1.3.2/lib/rack/protection/json_csrf.rb:17:in `call'
	/home/mrich/.rvm/gems/ruby-1.9.3-p194/gems/rack-protection-1.3.2/lib/rack/protection/base.rb:48:in `call'
	/home/mrich/.rvm/gems/ruby-1.9.3-p194/gems/rack-protection-1.3.2/lib/rack/protection/base.rb:48:in `call'
	/home/mrich/.rvm/gems/ruby-1.9.3-p194/gems/rack-protection-1.3.2/lib/rack/protection/xss_header.rb:27:in `call'
	/home/mrich/.rvm/gems/ruby-1.9.3-p194/gems/rack-1.4.1/lib/rack/nulllogger.rb:9:in `call'
	/home/mrich/.rvm/gems/ruby-1.9.3-p194/gems/rack-1.4.1/lib/rack/head.rb:9:in `call'
	/home/mrich/.rvm/gems/ruby-1.9.3-p194/gems/sinatra-1.3.3/lib/sinatra/base.rb:99:in `call'
	/home/mrich/.rvm/gems/ruby-1.9.3-p194/gems/sinatra-1.3.3/lib/sinatra/base.rb:1389:in `block in call'
	/home/mrich/.rvm/gems/ruby-1.9.3-p194/gems/sinatra-1.3.3/lib/sinatra/base.rb:1471:in `synchronize'
	/home/mrich/.rvm/gems/ruby-1.9.3-p194/gems/sinatra-1.3.3/lib/sinatra/base.rb:1389:in `call'
	/home/mrich/.rvm/gems/ruby-1.9.3-p194/gems/thin-1.5.0/lib/thin/connection.rb:81:in `block in pre_process'
	/home/mrich/.rvm/gems/ruby-1.9.3-p194/gems/thin-1.5.0/lib/thin/connection.rb:79:in `catch'
	/home/mrich/.rvm/gems/ruby-1.9.3-p194/gems/thin-1.5.0/lib/thin/connection.rb:79:in `pre_process'
	/home/mrich/.rvm/gems/ruby-1.9.3-p194/gems/thin-1.5.0/lib/thin/connection.rb:54:in `process'
	/home/mrich/.rvm/gems/ruby-1.9.3-p194/gems/faye-websocket-0.3.0/lib/faye/adapters/thin.rb:41:in `process'
	/home/mrich/.rvm/gems/ruby-1.9.3-p194/gems/thin-1.5.0/lib/thin/connection.rb:39:in `receive_data'
	/home/mrich/.rvm/gems/ruby-1.9.3-p194/gems/faye-websocket-0.3.0/lib/faye/adapters/thin.rb:45:in `receive_data'
	/home/mrich/.rvm/gems/ruby-1.9.3-p194/gems/eventmachine-1.0.0/lib/eventmachine.rb:187:in `run_machine'
	/home/mrich/.rvm/gems/ruby-1.9.3-p194/gems/eventmachine-1.0.0/lib/eventmachine.rb:187:in `run'
	/home/mrich/.rvm/gems/ruby-1.9.3-p194/gems/thin-1.5.0/lib/thin/backends/base.rb:63:in `start'
	/home/mrich/.rvm/gems/ruby-1.9.3-p194/gems/thin-1.5.0/lib/thin/server.rb:159:in `start'
	/home/mrich/.rvm/gems/ruby-1.9.3-p194/gems/thin-1.5.0/lib/thin/controllers/controller.rb:86:in `start'
	/home/mrich/.rvm/gems/ruby-1.9.3-p194/gems/thin-1.5.0/lib/thin/runner.rb:187:in `run_command'
	/home/mrich/.rvm/gems/ruby-1.9.3-p194/gems/thin-1.5.0/lib/thin/runner.rb:152:in `run!'
	/home/mrich/.rvm/gems/ruby-1.9.3-p194/gems/thin-1.5.0/bin/thin:6:in `<top (required)>'
	/home/mrich/.rvm/gems/ruby-1.9.3-p194/bin/thin:19:in `load'
	/home/mrich/.rvm/gems/ruby-1.9.3-p194/bin/thin:19:in `<main>'
	/home/mrich/.rvm/gems/ruby-1.9.3-p194/bin/ruby_noexec_wrapper:14:in `eval'
	/home/mrich/.rvm/gems/ruby-1.9.3-p194/bin/ruby_noexec_wrapper:14:in `<main>'
NoMethodError - undefined method `name' for #<Array:0x0000001bbe3528>:
	/var/www/deployapp/views/index.haml:13:in `block (2 levels) in singletonclass'
	/var/www/deployapp/views/index.haml:12:in `each'
	/var/www/deployapp/views/index.haml:12:in `block in singletonclass'
	/var/www/deployapp/views/index.haml:65529:in `instance_eval'
	/var/www/deployapp/views/index.haml:65529:in `singletonclass'
	/var/www/deployapp/views/index.haml:65527:in `__tilt_222633980'
	/home/mrich/.rvm/gems/ruby-1.9.3-p194/gems/tilt-1.3.3/lib/tilt/template.rb:140:in `call'
	/home/mrich/.rvm/gems/ruby-1.9.3-p194/gems/tilt-1.3.3/lib/tilt/template.rb:140:in `cached_evaluate'
	/home/mrich/.rvm/gems/ruby-1.9.3-p194/gems/tilt-1.3.3/lib/tilt/template.rb:127:in `evaluate'
	/home/mrich/.rvm/gems/ruby-1.9.3-p194/gems/tilt-1.3.3/lib/tilt/haml.rb:24:in `evaluate'
	/home/mrich/.rvm/gems/ruby-1.9.3-p194/gems/tilt-1.3.3/lib/tilt/template.rb:76:in `render'
	/home/mrich/.rvm/gems/ruby-1.9.3-p194/gems/sinatra-1.3.3/lib/sinatra/base.rb:686:in `render'
	/home/mrich/.rvm/gems/ruby-1.9.3-p194/gems/sinatra-1.3.3/lib/sinatra/base.rb:582:in `haml'
	/var/www/deployapp/app.rb:33:in `block in <class:DeploymentApp>'
	/home/mrich/.rvm/gems/ruby-1.9.3-p194/gems/sinatra-1.3.3/lib/sinatra/base.rb:1265:in `call'
	/home/mrich/.rvm/gems/ruby-1.9.3-p194/gems/sinatra-1.3.3/lib/sinatra/base.rb:1265:in `block in compile!'
	/home/mrich/.rvm/gems/ruby-1.9.3-p194/gems/sinatra-1.3.3/lib/sinatra/base.rb:835:in `[]'
	/home/mrich/.rvm/gems/ruby-1.9.3-p194/gems/sinatra-1.3.3/lib/sinatra/base.rb:835:in `block (3 levels) in route!'
	/home/mrich/.rvm/gems/ruby-1.9.3-p194/gems/sinatra-1.3.3/lib/sinatra/base.rb:851:in `route_eval'
	/home/mrich/.rvm/gems/ruby-1.9.3-p194/gems/sinatra-1.3.3/lib/sinatra/base.rb:835:in `block (2 levels) in route!'
	/home/mrich/.rvm/gems/ruby-1.9.3-p194/gems/sinatra-1.3.3/lib/sinatra/base.rb:872:in `block in process_route'
	/home/mrich/.rvm/gems/ruby-1.9.3-p194/gems/sinatra-1.3.3/lib/sinatra/base.rb:870:in `catch'
	/home/mrich/.rvm/gems/ruby-1.9.3-p194/gems/sinatra-1.3.3/lib/sinatra/base.rb:870:in `process_route'
	/home/mrich/.rvm/gems/ruby-1.9.3-p194/gems/sinatra-1.3.3/lib/sinatra/base.rb:834:in `block in route!'
	/home/mrich/.rvm/gems/ruby-1.9.3-p194/gems/sinatra-1.3.3/lib/sinatra/base.rb:833:in `each'
	/home/mrich/.rvm/gems/ruby-1.9.3-p194/gems/sinatra-1.3.3/lib/sinatra/base.rb:833:in `route!'
	/home/mrich/.rvm/gems/ruby-1.9.3-p194/gems/sinatra-1.3.3/lib/sinatra/base.rb:936:in `dispatch!'
	/home/mrich/.rvm/gems/ruby-1.9.3-p194/gems/sinatra-1.3.3/lib/sinatra/base.rb:769:in `block in call!'
	/home/mrich/.rvm/gems/ruby-1.9.3-p194/gems/sinatra-1.3.3/lib/sinatra/base.rb:921:in `block in invoke'
	/home/mrich/.rvm/gems/ruby-1.9.3-p194/gems/sinatra-1.3.3/lib/sinatra/base.rb:921:in `catch'
	/home/mrich/.rvm/gems/ruby-1.9.3-p194/gems/sinatra-1.3.3/lib/sinatra/base.rb:921:in `invoke'
	/home/mrich/.rvm/gems/ruby-1.9.3-p194/gems/sinatra-1.3.3/lib/sinatra/base.rb:769:in `call!'
	/home/mrich/.rvm/gems/ruby-1.9.3-p194/gems/sinatra-1.3.3/lib/sinatra/base.rb:755:in `call'
	/home/mrich/.rvm/gems/ruby-1.9.3-p194/gems/rack-protection-1.3.2/lib/rack/protection/xss_header.rb:27:in `call'
	/home/mrich/.rvm/gems/ruby-1.9.3-p194/gems/rack-protection-1.3.2/lib/rack/protection/path_traversal.rb:16:in `call'
	/home/mrich/.rvm/gems/ruby-1.9.3-p194/gems/rack-protection-1.3.2/lib/rack/protection/json_csrf.rb:17:in `call'
	/home/mrich/.rvm/gems/ruby-1.9.3-p194/gems/rack-protection-1.3.2/lib/rack/protection/base.rb:48:in `call'
	/home/mrich/.rvm/gems/ruby-1.9.3-p194/gems/rack-protection-1.3.2/lib/rack/protection/base.rb:48:in `call'
	/home/mrich/.rvm/gems/ruby-1.9.3-p194/gems/rack-protection-1.3.2/lib/rack/protection/xss_header.rb:27:in `call'
	/home/mrich/.rvm/gems/ruby-1.9.3-p194/gems/rack-1.4.1/lib/rack/nulllogger.rb:9:in `call'
	/home/mrich/.rvm/gems/ruby-1.9.3-p194/gems/rack-1.4.1/lib/rack/head.rb:9:in `call'
	/home/mrich/.rvm/gems/ruby-1.9.3-p194/gems/sinatra-1.3.3/lib/sinatra/base.rb:99:in `call'
	/home/mrich/.rvm/gems/ruby-1.9.3-p194/gems/sinatra-1.3.3/lib/sinatra/base.rb:1389:in `block in call'
	/home/mrich/.rvm/gems/ruby-1.9.3-p194/gems/sinatra-1.3.3/lib/sinatra/base.rb:1471:in `synchronize'
	/home/mrich/.rvm/gems/ruby-1.9.3-p194/gems/sinatra-1.3.3/lib/sinatra/base.rb:1389:in `call'
	/home/mrich/.rvm/gems/ruby-1.9.3-p194/gems/thin-1.5.0/lib/thin/connection.rb:81:in `block in pre_process'
	/home/mrich/.rvm/gems/ruby-1.9.3-p194/gems/thin-1.5.0/lib/thin/connection.rb:79:in `catch'
	/home/mrich/.rvm/gems/ruby-1.9.3-p194/gems/thin-1.5.0/lib/thin/connection.rb:79:in `pre_process'
	/home/mrich/.rvm/gems/ruby-1.9.3-p194/gems/thin-1.5.0/lib/thin/connection.rb:54:in `process'
	/home/mrich/.rvm/gems/ruby-1.9.3-p194/gems/faye-websocket-0.3.0/lib/faye/adapters/thin.rb:41:in `process'
	/home/mrich/.rvm/gems/ruby-1.9.3-p194/gems/thin-1.5.0/lib/thin/connection.rb:39:in `receive_data'
	/home/mrich/.rvm/gems/ruby-1.9.3-p194/gems/faye-websocket-0.3.0/lib/faye/adapters/thin.rb:45:in `receive_data'
	/home/mrich/.rvm/gems/ruby-1.9.3-p194/gems/eventmachine-1.0.0/lib/eventmachine.rb:187:in `run_machine'
	/home/mrich/.rvm/gems/ruby-1.9.3-p194/gems/eventmachine-1.0.0/lib/eventmachine.rb:187:in `run'
	/home/mrich/.rvm/gems/ruby-1.9.3-p194/gems/thin-1.5.0/lib/thin/backends/base.rb:63:in `start'
	/home/mrich/.rvm/gems/ruby-1.9.3-p194/gems/thin-1.5.0/lib/thin/server.rb:159:in `start'
	/home/mrich/.rvm/gems/ruby-1.9.3-p194/gems/thin-1.5.0/lib/thin/controllers/controller.rb:86:in `start'
	/home/mrich/.rvm/gems/ruby-1.9.3-p194/gems/thin-1.5.0/lib/thin/runner.rb:187:in `run_command'
	/home/mrich/.rvm/gems/ruby-1.9.3-p194/gems/thin-1.5.0/lib/thin/runner.rb:152:in `run!'
	/home/mrich/.rvm/gems/ruby-1.9.3-p194/gems/thin-1.5.0/bin/thin:6:in `<top (required)>'
	/home/mrich/.rvm/gems/ruby-1.9.3-p194/bin/thin:19:in `load'
	/home/mrich/.rvm/gems/ruby-1.9.3-p194/bin/thin:19:in `<main>'
	/home/mrich/.rvm/gems/ruby-1.9.3-p194/bin/ruby_noexec_wrapper:14:in `eval'
	/home/mrich/.rvm/gems/ruby-1.9.3-p194/bin/ruby_noexec_wrapper:14:in `<main>'
>> Waiting for 1 connection(s) to finish, can take up to 30 sec, CTRL+C to stop now
